Analysis & Synthesis report for elevator
Thu May  2 10:44:28 2024
Quartus Prime Version 22.1std.1 Build 917 02/14/2023 SC Standard Edition


---------------------
; Table of Contents ;
---------------------
  1. Legal Notice
  2. Analysis & Synthesis Summary
  3. Analysis & Synthesis Settings
  4. Parallel Compilation
  5. Analysis & Synthesis Source Files Read
  6. Analysis & Synthesis Resource Usage Summary
  7. Analysis & Synthesis Resource Utilization by Entity
  8. General Register Statistics
  9. Post-Synthesis Netlist Statistics for Top Partition
 10. Elapsed Time Per Partition
 11. Analysis & Synthesis Messages



----------------
; Legal Notice ;
----------------
Copyright (C) 2023  Intel Corporation. All rights reserved.
Your use of Intel Corporation's design tools, logic functions 
and other software and tools, and any partner logic 
functions, and any output files from any of the foregoing 
(including device programming or simulation files), and any 
associated documentation or information are expressly subject 
to the terms and conditions of the Intel Program License 
Subscription Agreement, the Intel Quartus Prime License Agreement,
the Intel FPGA IP License Agreement, or other applicable license
agreement, including, without limitation, that your use is for
the sole purpose of programming logic devices manufactured by
Intel and sold by Intel or its authorized distributors.  Please
refer to the applicable agreement for further details, at
https://fpgasoftware.intel.com/eula.



+-----------------------------------------------------------------------------------------+
; Analysis & Synthesis Summary                                                            ;
+------------------------------------+----------------------------------------------------+
; Analysis & Synthesis Status        ; Successful - Thu May  2 10:44:28 2024              ;
; Quartus Prime Version              ; 22.1std.1 Build 917 02/14/2023 SC Standard Edition ;
; Revision Name                      ; elevator                                           ;
; Top-level Entity Name              ; comparatorTest                                     ;
; Family                             ; Cyclone IV E                                       ;
; Total logic elements               ; 22                                                 ;
;     Total combinational functions  ; 18                                                 ;
;     Dedicated logic registers      ; 6                                                  ;
; Total registers                    ; 6                                                  ;
; Total pins                         ; 31                                                 ;
; Total virtual pins                 ; 0                                                  ;
; Total memory bits                  ; 0                                                  ;
; Embedded Multiplier 9-bit elements ; 0                                                  ;
; Total PLLs                         ; 0                                                  ;
+------------------------------------+----------------------------------------------------+


+------------------------------------------------------------------------------------------------------------+
; Analysis & Synthesis Settings                                                                              ;
+------------------------------------------------------------------+--------------------+--------------------+
; Option                                                           ; Setting            ; Default Value      ;
+------------------------------------------------------------------+--------------------+--------------------+
; Device                                                           ; EP4CE115F29C7      ;                    ;
; Top-level entity name                                            ; comparatorTest     ; elevator           ;
; Family name                                                      ; Cyclone IV E       ; Cyclone V          ;
; Use smart compilation                                            ; Off                ; Off                ;
; Enable parallel Assembler and Timing Analyzer during compilation ; On                 ; On                 ;
; Enable compact report table                                      ; Off                ; Off                ;
; Restructure Multiplexers                                         ; Auto               ; Auto               ;
; Create Debugging Nodes for IP Cores                              ; Off                ; Off                ;
; Preserve fewer node names                                        ; On                 ; On                 ;
; Intel FPGA IP Evaluation Mode                                    ; Enable             ; Enable             ;
; Verilog Version                                                  ; Verilog_2001       ; Verilog_2001       ;
; VHDL Version                                                     ; VHDL_1993          ; VHDL_1993          ;
; State Machine Processing                                         ; Auto               ; Auto               ;
; Safe State Machine                                               ; Off                ; Off                ;
; Extract Verilog State Machines                                   ; On                 ; On                 ;
; Extract VHDL State Machines                                      ; On                 ; On                 ;
; Ignore Verilog initial constructs                                ; Off                ; Off                ;
; Iteration limit for constant Verilog loops                       ; 5000               ; 5000               ;
; Iteration limit for non-constant Verilog loops                   ; 250                ; 250                ;
; Add Pass-Through Logic to Inferred RAMs                          ; On                 ; On                 ;
; Infer RAMs from Raw Logic                                        ; On                 ; On                 ;
; Parallel Synthesis                                               ; On                 ; On                 ;
; DSP Block Balancing                                              ; Auto               ; Auto               ;
; NOT Gate Push-Back                                               ; On                 ; On                 ;
; Power-Up Don't Care                                              ; On                 ; On                 ;
; Remove Redundant Logic Cells                                     ; Off                ; Off                ;
; Remove Duplicate Registers                                       ; On                 ; On                 ;
; Ignore CARRY Buffers                                             ; Off                ; Off                ;
; Ignore CASCADE Buffers                                           ; Off                ; Off                ;
; Ignore GLOBAL Buffers                                            ; Off                ; Off                ;
; Ignore ROW GLOBAL Buffers                                        ; Off                ; Off                ;
; Ignore LCELL Buffers                                             ; Off                ; Off                ;
; Ignore SOFT Buffers                                              ; On                 ; On                 ;
; Limit AHDL Integers to 32 Bits                                   ; Off                ; Off                ;
; Optimization Technique                                           ; Balanced           ; Balanced           ;
; Carry Chain Length                                               ; 70                 ; 70                 ;
; Auto Carry Chains                                                ; On                 ; On                 ;
; Auto Open-Drain Pins                                             ; On                 ; On                 ;
; Perform WYSIWYG Primitive Resynthesis                            ; Off                ; Off                ;
; Auto ROM Replacement                                             ; On                 ; On                 ;
; Auto RAM Replacement                                             ; On                 ; On                 ;
; Auto DSP Block Replacement                                       ; On                 ; On                 ;
; Auto Shift Register Replacement                                  ; Auto               ; Auto               ;
; Allow Shift Register Merging across Hierarchies                  ; Auto               ; Auto               ;
; Auto Clock Enable Replacement                                    ; On                 ; On                 ;
; Strict RAM Replacement                                           ; Off                ; Off                ;
; Allow Synchronous Control Signals                                ; On                 ; On                 ;
; Force Use of Synchronous Clear Signals                           ; Off                ; Off                ;
; Auto RAM Block Balancing                                         ; On                 ; On                 ;
; Auto RAM to Logic Cell Conversion                                ; Off                ; Off                ;
; Auto Resource Sharing                                            ; Off                ; Off                ;
; Allow Any RAM Size For Recognition                               ; Off                ; Off                ;
; Allow Any ROM Size For Recognition                               ; Off                ; Off                ;
; Allow Any Shift Register Size For Recognition                    ; Off                ; Off                ;
; Use LogicLock Constraints during Resource Balancing              ; On                 ; On                 ;
; Ignore translate_off and synthesis_off directives                ; Off                ; Off                ;
; Timing-Driven Synthesis                                          ; On                 ; On                 ;
; Report Parameter Settings                                        ; On                 ; On                 ;
; Report Source Assignments                                        ; On                 ; On                 ;
; Report Connectivity Checks                                       ; On                 ; On                 ;
; Ignore Maximum Fan-Out Assignments                               ; Off                ; Off                ;
; Synchronization Register Chain Length                            ; 2                  ; 2                  ;
; Power Optimization During Synthesis                              ; Normal compilation ; Normal compilation ;
; HDL message level                                                ; Level2             ; Level2             ;
; Suppress Register Optimization Related Messages                  ; Off                ; Off                ;
; Number of Removed Registers Reported in Synthesis Report         ; 5000               ; 5000               ;
; Number of Swept Nodes Reported in Synthesis Report               ; 5000               ; 5000               ;
; Number of Inverted Registers Reported in Synthesis Report        ; 100                ; 100                ;
; Clock MUX Protection                                             ; On                 ; On                 ;
; Auto Gated Clock Conversion                                      ; Off                ; Off                ;
; Block Design Naming                                              ; Auto               ; Auto               ;
; SDC constraint protection                                        ; Off                ; Off                ;
; Synthesis Effort                                                 ; Auto               ; Auto               ;
; Shift Register Replacement - Allow Asynchronous Clear Signal     ; On                 ; On                 ;
; Pre-Mapping Resynthesis Optimization                             ; Off                ; Off                ;
; Analysis & Synthesis Message Level                               ; Medium             ; Medium             ;
; Disable Register Merging Across Hierarchies                      ; Auto               ; Auto               ;
; Resource Aware Inference For Block RAM                           ; On                 ; On                 ;
+------------------------------------------------------------------+--------------------+--------------------+


+------------------------------------------+
; Parallel Compilation                     ;
+----------------------------+-------------+
; Processors                 ; Number      ;
+----------------------------+-------------+
; Number detected on machine ; 16          ;
; Maximum allowed            ; 8           ;
;                            ;             ;
; Average used               ; 1.00        ;
; Maximum used               ; 8           ;
;                            ;             ;
; Usage by Processor         ; % Time Used ;
;     Processor 1            ; 100.0%      ;
;     Processors 2-8         ;   0.0%      ;
+----------------------------+-------------+


+--------------------------------------------------------------------------------------------------------------------------------------------------------------+
; Analysis & Synthesis Source Files Read                                                                                                                       ;
+----------------------------------+-----------------+------------------------------------+----------------------------------------------------------+---------+
; File Name with User-Entered Path ; Used in Netlist ; File Type                          ; File Name with Absolute Path                             ; Library ;
+----------------------------------+-----------------+------------------------------------+----------------------------------------------------------+---------+
; OneToTwoDecoder.bdf              ; yes             ; User Block Diagram/Schematic File  ; U:/cpre281/FinalProject/FinalProject/OneToTwoDecoder.bdf ;         ;
; register.bdf                     ; yes             ; User Block Diagram/Schematic File  ; U:/cpre281/FinalProject/FinalProject/register.bdf        ;         ;
; registerFile.bdf                 ; yes             ; User Block Diagram/Schematic File  ; U:/cpre281/FinalProject/FinalProject/registerFile.bdf    ;         ;
; comparator_2bit.v                ; yes             ; User Verilog HDL File              ; U:/cpre281/FinalProject/FinalProject/comparator_2bit.v   ;         ;
; comparatorTest.bdf               ; yes             ; User Block Diagram/Schematic File  ; U:/cpre281/FinalProject/FinalProject/comparatorTest.bdf  ;         ;
; upDownFSM.bdf                    ; yes             ; User Block Diagram/Schematic File  ; U:/cpre281/FinalProject/FinalProject/upDownFSM.bdf       ;         ;
; seven_seg_decoder.v              ; yes             ; Auto-Found Verilog HDL File        ; U:/cpre281/FinalProject/FinalProject/seven_seg_decoder.v ;         ;
; mux_2to1.v                       ; yes             ; Auto-Found Verilog HDL File        ; U:/cpre281/FinalProject/FinalProject/mux_2to1.v          ;         ;
+----------------------------------+-----------------+------------------------------------+----------------------------------------------------------+---------+


+---------------------------------------------------------------------+
; Analysis & Synthesis Resource Usage Summary                         ;
+---------------------------------------------+-----------------------+
; Resource                                    ; Usage                 ;
+---------------------------------------------+-----------------------+
; Estimated Total logic elements              ; 22                    ;
;                                             ;                       ;
; Total combinational functions               ; 18                    ;
; Logic element usage by number of LUT inputs ;                       ;
;     -- 4 input functions                    ; 4                     ;
;     -- 3 input functions                    ; 3                     ;
;     -- <=2 input functions                  ; 11                    ;
;                                             ;                       ;
; Logic elements by mode                      ;                       ;
;     -- normal mode                          ; 18                    ;
;     -- arithmetic mode                      ; 0                     ;
;                                             ;                       ;
; Total registers                             ; 6                     ;
;     -- Dedicated logic registers            ; 6                     ;
;     -- I/O registers                        ; 0                     ;
;                                             ;                       ;
; I/O pins                                    ; 31                    ;
;                                             ;                       ;
; Embedded Multiplier 9-bit elements          ; 0                     ;
;                                             ;                       ;
; Maximum fan-out node                        ; upDownFSM:inst8|inst1 ;
; Maximum fan-out                             ; 9                     ;
; Total fan-out                               ; 119                   ;
; Average fan-out                             ; 1.38                  ;
+---------------------------------------------+-----------------------+


+--------------------------------------------------------------------------------------------------------------------------------------------------------------------------------------------------------------------------------------------------------------+
; Analysis & Synthesis Resource Utilization by Entity                                                                                                                                                                                                          ;
+----------------------------------+---------------------+---------------------------+-------------+--------------+---------+-----------+------+--------------+-------------------------------------------------------------+-------------------+--------------+
; Compilation Hierarchy Node       ; Combinational ALUTs ; Dedicated Logic Registers ; Memory Bits ; DSP Elements ; DSP 9x9 ; DSP 18x18 ; Pins ; Virtual Pins ; Full Hierarchy Name                                         ; Entity Name       ; Library Name ;
+----------------------------------+---------------------+---------------------------+-------------+--------------+---------+-----------+------+--------------+-------------------------------------------------------------+-------------------+--------------+
; |comparatorTest                  ; 18 (0)              ; 6 (0)                     ; 0           ; 0            ; 0       ; 0         ; 31   ; 0            ; |comparatorTest                                             ; comparatorTest    ; work         ;
;    |comparator_2bit:inst|        ; 3 (3)               ; 0 (0)                     ; 0           ; 0            ; 0       ; 0         ; 0    ; 0            ; |comparatorTest|comparator_2bit:inst                        ; comparator_2bit   ; work         ;
;    |registerFile:inst1|          ; 10 (0)              ; 4 (0)                     ; 0           ; 0            ; 0       ; 0         ; 0    ; 0            ; |comparatorTest|registerFile:inst1                          ; registerFile      ; work         ;
;       |OneToTwoDecoder:inst4|    ; 2 (2)               ; 0 (0)                     ; 0           ; 0            ; 0       ; 0         ; 0    ; 0            ; |comparatorTest|registerFile:inst1|OneToTwoDecoder:inst4    ; OneToTwoDecoder   ; work         ;
;       |mux_2to1:inst5|           ; 1 (1)               ; 0 (0)                     ; 0           ; 0            ; 0       ; 0         ; 0    ; 0            ; |comparatorTest|registerFile:inst1|mux_2to1:inst5           ; mux_2to1          ; work         ;
;       |mux_2to1:inst6|           ; 1 (1)               ; 0 (0)                     ; 0           ; 0            ; 0       ; 0         ; 0    ; 0            ; |comparatorTest|registerFile:inst1|mux_2to1:inst6           ; mux_2to1          ; work         ;
;       |register:inst1|           ; 0 (0)               ; 1 (1)                     ; 0           ; 0            ; 0       ; 0         ; 0    ; 0            ; |comparatorTest|registerFile:inst1|register:inst1           ; register          ; work         ;
;       |register:inst2|           ; 0 (0)               ; 1 (1)                     ; 0           ; 0            ; 0       ; 0         ; 0    ; 0            ; |comparatorTest|registerFile:inst1|register:inst2           ; register          ; work         ;
;       |register:inst3|           ; 0 (0)               ; 1 (1)                     ; 0           ; 0            ; 0       ; 0         ; 0    ; 0            ; |comparatorTest|registerFile:inst1|register:inst3           ; register          ; work         ;
;       |register:inst|            ; 0 (0)               ; 1 (1)                     ; 0           ; 0            ; 0       ; 0         ; 0    ; 0            ; |comparatorTest|registerFile:inst1|register:inst            ; register          ; work         ;
;       |seven_seg_decoder:inst12| ; 3 (3)               ; 0 (0)                     ; 0           ; 0            ; 0       ; 0         ; 0    ; 0            ; |comparatorTest|registerFile:inst1|seven_seg_decoder:inst12 ; seven_seg_decoder ; work         ;
;       |seven_seg_decoder:inst7|  ; 3 (3)               ; 0 (0)                     ; 0           ; 0            ; 0       ; 0         ; 0    ; 0            ; |comparatorTest|registerFile:inst1|seven_seg_decoder:inst7  ; seven_seg_decoder ; work         ;
;    |seven_seg_decoder:inst5|     ; 3 (3)               ; 0 (0)                     ; 0           ; 0            ; 0       ; 0         ; 0    ; 0            ; |comparatorTest|seven_seg_decoder:inst5                     ; seven_seg_decoder ; work         ;
;    |upDownFSM:inst8|             ; 2 (2)               ; 2 (2)                     ; 0           ; 0            ; 0       ; 0         ; 0    ; 0            ; |comparatorTest|upDownFSM:inst8                             ; upDownFSM         ; work         ;
+----------------------------------+---------------------+---------------------------+-------------+--------------+---------+-----------+------+--------------+-------------------------------------------------------------+-------------------+--------------+
Note: For table entries with two numbers listed, the numbers in parentheses indicate the number of resources of the given type used by the specific entity alone. The numbers listed outside of parentheses indicate the total resources of the given type used by the specific entity and all of its sub-entities in the hierarchy.


+------------------------------------------------------+
; General Register Statistics                          ;
+----------------------------------------------+-------+
; Statistic                                    ; Value ;
+----------------------------------------------+-------+
; Total registers                              ; 6     ;
; Number of registers using Synchronous Clear  ; 0     ;
; Number of registers using Synchronous Load   ; 0     ;
; Number of registers using Asynchronous Clear ; 4     ;
; Number of registers using Asynchronous Load  ; 0     ;
; Number of registers using Clock Enable       ; 4     ;
; Number of registers using Preset             ; 0     ;
+----------------------------------------------+-------+


+-----------------------------------------------------+
; Post-Synthesis Netlist Statistics for Top Partition ;
+-----------------------+-----------------------------+
; Type                  ; Count                       ;
+-----------------------+-----------------------------+
; boundary_port         ; 31                          ;
; cycloneiii_ff         ; 6                           ;
;     ENA CLR           ; 4                           ;
;     plain             ; 2                           ;
; cycloneiii_lcell_comb ; 23                          ;
;     normal            ; 23                          ;
;         0 data inputs ; 1                           ;
;         1 data inputs ; 4                           ;
;         2 data inputs ; 11                          ;
;         3 data inputs ; 3                           ;
;         4 data inputs ; 4                           ;
;                       ;                             ;
; Max LUT depth         ; 3.00                        ;
; Average LUT depth     ; 1.53                        ;
+-----------------------+-----------------------------+


+-------------------------------+
; Elapsed Time Per Partition    ;
+----------------+--------------+
; Partition Name ; Elapsed Time ;
+----------------+--------------+
; Top            ; 00:00:02     ;
+----------------+--------------+


+-------------------------------+
; Analysis & Synthesis Messages ;
+-------------------------------+
Info: *******************************************************************
Info: Running Quartus Prime Analysis & Synthesis
    Info: Version 22.1std.1 Build 917 02/14/2023 SC Standard Edition
    Info: Processing started: Thu May  2 10:44:10 2024
Info: Command: quartus_map --read_settings_files=on --write_settings_files=off elevator -c elevator
Warning (18236): Number of processors has not been specified which may cause overloading on shared machines.  Set the global assignment NUM_PARALLEL_PROCESSORS in your QSF to an appropriate value for best performance.
Info (20030): Parallel compilation is enabled and will use 8 of the 8 processors detected
Warning (12019): Can't analyze file -- file comparator.v is missing
Info (12021): Found 1 design units, including 1 entities, in source file updowncounter.bdf
    Info (12023): Found entity 1: UpDownCounter
Info (12021): Found 1 design units, including 1 entities, in source file onetotwodecoder.bdf
    Info (12023): Found entity 1: OneToTwoDecoder
Warning (12019): Can't analyze file -- file output_files/elevator.bdf is missing
Info (12021): Found 1 design units, including 1 entities, in source file register.bdf
    Info (12023): Found entity 1: register
Info (12021): Found 1 design units, including 1 entities, in source file registerfile.bdf
    Info (12023): Found entity 1: registerFile
Warning (12019): Can't analyze file -- file comparator_2bit.bdf is missing
Info (12021): Found 1 design units, including 1 entities, in source file comparator_2bit.v
    Info (12023): Found entity 1: comparator_2bit File: U:/cpre281/FinalProject/FinalProject/comparator_2bit.v Line: 1
Info (12021): Found 1 design units, including 1 entities, in source file comparatortest.bdf
    Info (12023): Found entity 1: comparatorTest
Info (12021): Found 1 design units, including 1 entities, in source file fsm.bdf
    Info (12023): Found entity 1: fsm
Info (12021): Found 1 design units, including 1 entities, in source file elevatorsafe.bdf
    Info (12023): Found entity 1: elevatorSafe
Info (12021): Found 1 design units, including 1 entities, in source file updownfsm.bdf
    Info (12023): Found entity 1: upDownFSM
Info (12021): Found 1 design units, including 1 entities, in source file output_files/mydff.bdf
    Info (12023): Found entity 1: myDff
Info (12127): Elaborating entity "comparatorTest" for the top level hierarchy
Warning (275011): Block or symbol "registerFile" of instance "inst1" overlaps another block or symbol
Warning (12125): Using design file seven_seg_decoder.v, which is not specified as a design file for the current project, but contains definitions for 1 design units and 1 entities in project
    Info (12023): Found entity 1: seven_seg_decoder File: U:/cpre281/FinalProject/FinalProject/seven_seg_decoder.v Line: 1
Info (12128): Elaborating entity "seven_seg_decoder" for hierarchy "seven_seg_decoder:inst5"
Info (12128): Elaborating entity "upDownFSM" for hierarchy "upDownFSM:inst8"
Info (12128): Elaborating entity "comparator_2bit" for hierarchy "comparator_2bit:inst"
Info (12128): Elaborating entity "registerFile" for hierarchy "registerFile:inst1"
Warning (12125): Using design file mux_2to1.v, which is not specified as a design file for the current project, but contains definitions for 1 design units and 1 entities in project
    Info (12023): Found entity 1: mux_2to1 File: U:/cpre281/FinalProject/FinalProject/mux_2to1.v Line: 1
Info (12128): Elaborating entity "mux_2to1" for hierarchy "registerFile:inst1|mux_2to1:inst5"
Info (12128): Elaborating entity "register" for hierarchy "registerFile:inst1|register:inst1"
Info (12128): Elaborating entity "OneToTwoDecoder" for hierarchy "registerFile:inst1|OneToTwoDecoder:inst4"
Warning (13024): Output pins are stuck at VCC or GND
    Warning (13410): Pin "B" is stuck at GND
    Warning (13410): Pin "R1B" is stuck at GND
    Warning (13410): Pin "R0B" is stuck at GND
Info (286030): Timing-Driven Synthesis is running
Info (16010): Generating hard_block partition "hard_block:auto_generated_inst"
    Info (16011): Adding 0 node(s), including 0 DDIO, 0 PLL, 0 transceiver and 0 LCELL
Info (21057): Implemented 53 device resources after synthesis - the final resource count might be different
    Info (21058): Implemented 7 input pins
    Info (21059): Implemented 24 output pins
    Info (21061): Implemented 22 logic cells
Info: Quartus Prime Analysis & Synthesis was successful. 0 errors, 11 warnings
    Info: Peak virtual memory: 4822 megabytes
    Info: Processing ended: Thu May  2 10:44:28 2024
    Info: Elapsed time: 00:00:18
    Info: Total CPU time (on all processors): 00:00:08


